make all --print-data-base --no-builtin-variables --no-builtin-rules --question
make: *** No rule to make target 'all'.  Stop.

# GNU Make 4.2.1
# Built for x86_64-pc-linux-gnu
# Copyright (C) 1988-2016 Free Software Foundation, Inc.
# License GPLv3+: GNU GPL version 3 or later <http://gnu.org/licenses/gpl.html>
# This is free software: you are free to change and redistribute it.
# There is NO WARRANTY, to the extent permitted by law.

# Make data base, printed on Mon Aug  8 07:17:29 2022

# Variables

# 'override' directive
GNUMAKEFLAGS := 
# automatic
<D = $(patsubst %/,%,$(dir $<))
# automatic
?F = $(notdir $?)
# environment
DESKTOP_SESSION = ubuntu
# default
.SHELLFLAGS := -c
# environment
XDG_SESSION_CLASS = user
# environment
XDG_SESSION_TYPE = x11
# automatic
?D = $(patsubst %/,%,$(dir $?))
# environment
IM_CONFIG_PHASE = 1
# automatic
@D = $(patsubst %/,%,$(dir $@))
# environment
XAUTHORITY = /run/user/1000/gdm/Xauthority
# environment
GDMSESSION = ubuntu
# environment
XMODIFIERS = @im=ibus
# makefile
CURDIR := /home/ljimenez/ngcs/repos/curso-vue3
# makefile
SHELL = /bin/sh
# environment
VSCODE_NLS_CONFIG = {"locale":"es","availableLanguages":{"*":"es"},"_languagePackId":"aa57718bb4fee18a0bf2e4902cb2afaf.es","_translationsConfigFile":"/home/ljimenez/.config/Code/clp/aa57718bb4fee18a0bf2e4902cb2afaf.es/tcf.json","_cacheRoot":"/home/ljimenez/.config/Code/clp/aa57718bb4fee18a0bf2e4902cb2afaf.es","_resolvedLanguagePackCoreLocation":"/home/ljimenez/.config/Code/clp/aa57718bb4fee18a0bf2e4902cb2afaf.es/3b889b090b5ad5793f524b5d1d39fda662b96a2a","_corruptedFile":"/home/ljimenez/.config/Code/clp/aa57718bb4fee18a0bf2e4902cb2afaf.es/corrupted.info","_languagePackSupport":true}
# environment
_ = /usr/share/code/code
# environment
JOURNAL_STREAM = 8:60402
# environment
XDG_CONFIG_DIRS = /etc/xdg/xdg-ubuntu:/etc/xdg
# makefile (from 'Makefile', line 1)
MYNAME := ljimenez
# makefile (from 'Makefile', line 10)
CMD_TDD := sh /root/bootstrap.sh; npm run tdd
# makefile (from '.env', line 1)
MAKEFILE_LIST :=  Makefile .env
# automatic
@F = $(notdir $@)
# environment
GIO_LAUNCHED_DESKTOP_FILE = /usr/share/applications/code.desktop
# environment
USERNAME = ljimenez
# makefile (from 'Makefile', line 13)
CMD_TEST_FUNCTIONAL := sh /root/bootstrap.sh; npm run test:functional
# environment
MANDATORY_PATH = /usr/share/gconf/ubuntu.mandatory.path
# environment
XDG_DATA_DIRS = /usr/share/ubuntu:/usr/local/share/:/usr/share/:/var/lib/snapd/desktop
# environment
DBUS_SESSION_BUS_ADDRESS = unix:path=/run/user/1000/bus
# makefile (from 'Makefile', line 2)
VERSION := `node -pe "require('./package.json').version"`
# environment
MANAGERPID = 2726
# environment
LESSOPEN = | /usr/bin/lesspipe %s
# environment
VSCODE_CWD = /home/ljimenez
# makefile (from 'Makefile', line 9)
CMD_TEST := sh /root/bootstrap.sh; npm run test
# default
MAKE_HOST := x86_64-pc-linux-gnu
# environment
PATH = /usr/local/sbin:/usr/local/bin:/usr/sbin:/usr/bin:/sbin:/bin:/usr/games:/usr/local/games:/snap/bin
# environment
GPG_AGENT_INFO = /run/user/1000/gnupg/S.gpg-agent:0:1
# environment
SESSION_MANAGER = local/TLL-185653:@/tmp/.ICE-unix/2948,unix/TLL-185653:/tmp/.ICE-unix/2948
# environment
XDG_RUNTIME_DIR = /run/user/1000
# makefile (from '.env', line 1)
VERSION_VARIABLE = 1.0.0
# makefile (from 'Makefile', line 8)
CMD_BUILD_DEV := sh /root/bootstrap.sh; npm run build:dev
# environment
XDG_MENU_PREFIX = gnome-
# makefile (from 'Makefile', line 11)
CMD_TEST_UNIT := sh /root/bootstrap.sh; npm run test:unit
# environment
ELECTRON_RUN_AS_NODE = 1
# environment
INVOCATION_ID = e93d2320077742d6b01a861bca73f9f9
# default
.FEATURES := target-specific order-only second-expansion else-if shortest-stem undefine oneshell archives jobserver output-sync check-symlink load
# environment
LS_COLORS = 
# environment
XDG_SESSION_DESKTOP = ubuntu
# environment
SSH_AUTH_SOCK = /run/user/1000/keyring/ssh
# environment
GIO_LAUNCHED_DESKTOP_FILE_PID = 6227
# automatic
%F = $(notdir $%)
# environment
DISPLAY = :0
# makefile (from 'Makefile', line 7)
CMD_BUILD := sh /root/bootstrap.sh; npm run build
# makefile (from '.env', line 3)
IMAGE = ngcs-dev-tools01.arsysdesarrollo.lan:5000/gta-ci:latest
# environment
PWD = /home/ljimenez/ngcs/repos/curso-vue3
# default
.LOADED := 
# environment
SSH_AGENT_PID = 2910
# environment
ORIGINAL_XDG_CURRENT_DESKTOP = ubuntu:GNOME
# environment
GTK_MODULES = gail:atk-bridge
# makefile (from 'Makefile', line 16)
CMD_USER_PERMISSIONS := sh /root/bootstrap.sh; chmod -R 777 .
# environment
VSCODE_AMD_ENTRYPOINT = vs/workbench/api/node/extensionHostProcess
# environment
HOME = /home/ljimenez
# environment
LESSCLOSE = /usr/bin/lesspipe %s %s
# environment
VSCODE_CODE_CACHE_PATH = /home/ljimenez/.config/Code/CachedData/3b889b090b5ad5793f524b5d1d39fda662b96a2a
# environment
LOGNAME = ljimenez
# environment
APPLICATION_INSIGHTS_NO_DIAGNOSTIC_CHANNEL = true
# environment
NVM_CD_FLAGS = 
# environment
VSCODE_HANDLES_UNCAUGHT_ERRORS = true
# environment
GNOME_DESKTOP_SESSION_ID = this-is-deprecated
# automatic
^D = $(patsubst %/,%,$(dir $^))
# environment
MAKELEVEL := 0
# default
MAKE = $(MAKE_COMMAND)
# default
MAKECMDGOALS := all
# environment
QT_IM_MODULE = ibus
# makefile (from 'Makefile', line 17)
IMAGE_REPO := ngcs-dev-tools01.arsysdesarrollo.lan:5000
# environment
SHLVL = 0
# makefile (from 'Makefile', line 14)
CMD_ROOT_PERMISSIONS := sh /root/bootstrap.sh; chown -R root:root .
# environment
GNOME_SHELL_SESSION_MODE = ubuntu
# default
MAKE_VERSION := 4.2.1
# environment
USER = ljimenez
# makefile
.DEFAULT_GOAL := check
# environment
XDG_CURRENT_DESKTOP = Unity
# makefile (from 'Makefile', line 3)
NAME := `node -pe "require('./package.json').name"`
# automatic
%D = $(patsubst %/,%,$(dir $%))
# makefile (from 'Makefile', line 12)
CMD_TEST_INTEGRATION := sh /root/bootstrap.sh; npm run test:integration
# makefile (from 'Makefile', line 4)
FOLDER := /home/ljimenez/ngcs/repos/curso-vue3/
# default
MAKE_COMMAND := make
# default
.VARIABLES := 
# automatic
*F = $(notdir $*)
# environment
VSCODE_IPC_HOOK = /run/user/1000/vscode-b87566af-1.69.2-main.sock
# makefile
MAKEFLAGS = pqrR
# environment
MFLAGS = -pqrR
# automatic
*D = $(patsubst %/,%,$(dir $*))
# environment
NVM_DIR = /home/ljimenez/.nvm
# automatic
+D = $(patsubst %/,%,$(dir $+))
# environment
GDK_BACKEND = x11
# automatic
+F = $(notdir $+)
# makefile (from '.env', line 2)
NAME_VARIABLE = vue3
# environment
QT_ACCESSIBILITY = 1
# environment
DEFAULTS_PATH = /usr/share/gconf/ubuntu.default.path
# 'override' directive
.SHELLSTATUS := 0
# default
MAKEFILES := 
# makefile (from 'Makefile', line 5)
BOOTSTRAP := sh /root/bootstrap.sh
# automatic
<F = $(notdir $<)
# makefile (from 'Makefile', line 18)
IMAGE_VERSION := latest
# makefile (from 'Makefile', line 6)
CMD_INSTALL := sh /root/bootstrap.sh; npm install --legacy-peer-deps
# environment
LC_ALL = C
# environment
GJS_DEBUG_TOPICS = JS ERROR;JS LOG
# automatic
^F = $(notdir $^)
# default
SUFFIXES := 
# environment
CHROME_DESKTOP = code-url-handler.desktop
# environment
WINDOWPATH = 2
# default
.INCLUDE_DIRS = /usr/include /usr/local/include /usr/include
# environment
GJS_DEBUG_OUTPUT = stderr
# default
.RECIPEPREFIX := 
# environment
LANG = C
# environment
VSCODE_PID = 6227
# environment
NVM_RC_VERSION = 
# variable set hash-table stats:
# Load=118/1024=12%, Rehash=0, Collisions=16/162=10%

# Pattern-specific Variable Values

# No pattern-specific variable values.

# Directories

# . (device 64769, inode 13112360): 21 files, no impossibilities.

# 21 files, no impossibilities in 1 directories.

# Implicit Rules

# No implicit rules.

# Files

# Not a target:
all:
#  Command line target.
#  Implicit rule search has been done.
#  File does not exist.
#  File has not been updated.

.PHONY: check boot root-permissions user-permissions reset-permissions clean-environment install-ci install build build-dev test tdd test-unit test-integration test-functional interactive start-up destroy
#  Implicit rule search has not been done.
#  Modification time never checked.
#  File has not been updated.

reset-permissions:
#  Phony target (prerequisite of .PHONY).
#  Implicit rule search has not been done.
#  File does not exist.
#  File has not been updated.
#  recipe to execute (from 'Makefile', line 53):
	@sudo chown -R $$(whoami):$$(whoami) ${FOLDER}

# Not a target:
Makefile:
#  Implicit rule search has been done.
 
#  Last modified 2022-07-05 13:46:23.36570177
#  File has been updated.
#  Successfully updated.

test: start-up
#  Phony target (prerequisite of .PHONY).
#  Implicit rule search has not been done.
#  File does not exist.
#  File has not been updated.
#  recipe to execute (from 'Makefile', line 91):
	@docker exec container-${NAME_VARIABLE}-${VERSION_VARIABLE} /bin/bash -c '${CMD_TEST}'
	@$(MAKE) destroy
	@$(MAKE) user-permissions

build:
#  Phony target (prerequisite of .PHONY).
#  Implicit rule search has not been done.
#  File does not exist.
#  File has not been updated.
#  recipe to execute (from 'Makefile', line 79):
	@docker run --rm --name install-${NAME_VARIABLE}-${VERSION_VARIABLE} -v ${FOLDER}:/root/project ${IMAGE} /bin/bash -c '${CMD_BUILD}'
	@$(MAKE) user-permissions

root-permissions:
#  Phony target (prerequisite of .PHONY).
#  Implicit rule search has not been done.
#  File does not exist.
#  File has not been updated.
#  recipe to execute (from 'Makefile', line 45):
	@docker run --rm --name install-${NAME_VARIABLE}-${VERSION_VARIABLE} -v ${FOLDER}:/root/project ${IMAGE} /bin/bash -c '${CMD_ROOT_PERMISSIONS}'

test-unit: start-up
#  Phony target (prerequisite of .PHONY).
#  Implicit rule search has not been done.
#  File does not exist.
#  File has not been updated.
#  recipe to execute (from 'Makefile', line 104):
	@docker exec container-${NAME_VARIABLE}-${VERSION_VARIABLE} /bin/bash -c '${CMD_TEST_UNIT}'
	@$(MAKE) destroy

# Not a target:
.env:
#  Implicit rule search has been done.
#  Last modified 2022-07-05 13:28:17.101139801
#  File has been updated.
#  Successfully updated.

tdd: start-up
#  Phony target (prerequisite of .PHONY).
#  Implicit rule search has not been done.
#  File does not exist.
#  File has not been updated.
#  recipe to execute (from 'Makefile', line 98):
	@docker exec container-${NAME_VARIABLE}-${VERSION_VARIABLE} /bin/bash -c '${CMD_TDD}'
	@$(MAKE) destroy

clean-environment:
#  Phony target (prerequisite of .PHONY).
#  Implicit rule search has not been done.
#  File does not exist.
#  File has not been updated.
#  recipe to execute (from 'Makefile', line 58):
	rm -rf node_modules

build-dev:
#  Phony target (prerequisite of .PHONY).
#  Implicit rule search has not been done.
#  File does not exist.
#  File has not been updated.
#  recipe to execute (from 'Makefile', line 85):
	@docker run --rm --name install-${NAME_VARIABLE}-${VERSION_VARIABLE} -v ${FOLDER}:/root/project ${IMAGE} /bin/bash -c '${CMD_BUILD_DEV}'
	@$(MAKE) user-permissions

user-permissions:
#  Phony target (prerequisite of .PHONY).
#  Implicit rule search has not been done.
#  File does not exist.
#  File has not been updated.
#  recipe to execute (from 'Makefile', line 49):
	@docker run --rm --name install-${NAME_VARIABLE}-${VERSION_VARIABLE} -v ${FOLDER}:/root/project ${IMAGE} /bin/bash -c '${CMD_USER_PERMISSIONS}'

# Not a target:
.DEFAULT:
#  Implicit rule search has not been done.
#  Modification time never checked.
#  File has not been updated.

interactive:
#  Phony target (prerequisite of .PHONY).
#  Implicit rule search has not been done.
#  File does not exist.
#  File has not been updated.
#  recipe to execute (from 'Makefile', line 126):
	@docker run --rm --name interactive-${NAME_VARIABLE}-${VERSION_VARIABLE} -v ${FOLDER}:/root/project -i -t ${IMAGE} /bin/bash

clean:
#  Implicit rule search has not been done.
#  Modification time never checked.
#  File has not been updated.
#  recipe to execute (from 'Makefile', line 36):
	@rm -rf .env

destroy: boot
#  Phony target (prerequisite of .PHONY).
#  Implicit rule search has not been done.
#  File does not exist.
#  File has not been updated.
#  recipe to execute (from 'Makefile', line 136):
	@docker-compose down

start-up: boot
#  Phony target (prerequisite of .PHONY).
#  Implicit rule search has not been done.
#  File does not exist.
#  File has not been updated.
#  recipe to execute (from 'Makefile', line 131):
	@docker-compose up -d

install-ci:
#  Phony target (prerequisite of .PHONY).
#  Implicit rule search has not been done.
#  File does not exist.
#  File has not been updated.
#  recipe to execute (from 'Makefile', line 67):
	@$(MAKE) root-permissions
	@docker run --rm --name install-${NAME_VARIABLE}-${VERSION_VARIABLE} -v ${FOLDER}:/root/project ${IMAGE} /bin/bash -c '${CMD_INSTALL}'
	@$(MAKE) user-permissions

boot:
#  Phony target (prerequisite of .PHONY).
#  Implicit rule search has not been done.
#  File does not exist.
#  File has not been updated.
#  recipe to execute (from 'Makefile', line 33):
	@if [ ! -f .env ]; then echo "VERSION_VARIABLE=${VERSION}\nNAME_VARIABLE=${NAME}\nIMAGE=${IMAGE}" > .env; fi

check:
#  Phony target (prerequisite of .PHONY).
#  Implicit rule search has not been done.
#  File does not exist.
#  File has not been updated.

test-integration: start-up
#  Phony target (prerequisite of .PHONY).
#  Implicit rule search has not been done.
#  File does not exist.
#  File has not been updated.
#  recipe to execute (from 'Makefile', line 110):
	@docker exec container-${NAME_VARIABLE}-${VERSION_VARIABLE} /bin/bash -c '${CMD_TEST_INTEGRATION}'
	@$(MAKE) destroy

test-functional: start-up
#  Phony target (prerequisite of .PHONY).
#  Implicit rule search has not been done.
#  File does not exist.
#  File has not been updated.
#  recipe to execute (from 'Makefile', line 116):
	@docker exec container-${NAME_VARIABLE}-${VERSION_VARIABLE} /bin/bash -c '${CMD_TEST_FUNCTIONAL}'
	@$(MAKE) destroy

install: clean-environment
#  Phony target (prerequisite of .PHONY).
#  Implicit rule search has not been done.
#  File does not exist.
#  File has not been updated.
#  recipe to execute (from 'Makefile', line 74):
	@$(MAKE) install-ci

# files hash-table stats:
# Load=25/1024=2%, Rehash=0, Collisions=0/97=0%
# VPATH Search Paths

# No 'vpath' search paths.

# No general ('VPATH' variable) search path.

# strcache buffers: 1 (0) / strings = 46 / storage = 468 B / avg = 10 B
# current buf: size = 8162 B / used = 468 B / count = 46 / avg = 10 B

# strcache performance: lookups = 132 / hit rate = 65%
# hash-table stats:
# Load=46/8192=1%, Rehash=0, Collisions=1/132=1%
# Finished Make data base on Mon Aug  8 07:17:29 2022

 
